d:\projects\kara\kara\vendor\glfw\bin\debug-windows-x86_64\glfw\glfw.pdb
d:\projects\kara\kara\vendor\glfw\bin\debug-windows-x86_64\glfw\glfw.idb
d:\projects\kara\kara\vendor\glfw\bin-temp\debug-windows-x86_64\glfw\wgl_context.obj
d:\projects\kara\kara\vendor\glfw\bin-temp\debug-windows-x86_64\glfw\vulkan.obj
d:\projects\kara\kara\vendor\glfw\bin-temp\debug-windows-x86_64\glfw\posix_time.obj
d:\projects\kara\kara\vendor\glfw\bin-temp\debug-windows-x86_64\glfw\posix_thread.obj
d:\projects\kara\kara\vendor\glfw\bin-temp\debug-windows-x86_64\glfw\posix_poll.obj
d:\projects\kara\kara\vendor\glfw\bin-temp\debug-windows-x86_64\glfw\posix_module.obj
d:\projects\kara\kara\vendor\glfw\bin-temp\debug-windows-x86_64\glfw\platform.obj
d:\projects\kara\kara\vendor\glfw\bin-temp\debug-windows-x86_64\glfw\osmesa_context.obj
d:\projects\kara\kara\vendor\glfw\bin-temp\debug-windows-x86_64\glfw\null_window.obj
d:\projects\kara\kara\vendor\glfw\bin-temp\debug-windows-x86_64\glfw\null_monitor.obj
d:\projects\kara\kara\vendor\glfw\bin-temp\debug-windows-x86_64\glfw\null_joystick.obj
d:\projects\kara\kara\vendor\glfw\bin-temp\debug-windows-x86_64\glfw\null_init.obj
d:\projects\kara\kara\vendor\glfw\bin-temp\debug-windows-x86_64\glfw\monitor.obj
d:\projects\kara\kara\vendor\glfw\bin-temp\debug-windows-x86_64\glfw\linux_joystick.obj
d:\projects\kara\kara\vendor\glfw\bin-temp\debug-windows-x86_64\glfw\input.obj
d:\projects\kara\kara\vendor\glfw\bin-temp\debug-windows-x86_64\glfw\init.obj
d:\projects\kara\kara\vendor\glfw\bin-temp\debug-windows-x86_64\glfw\glx_context.obj
d:\projects\kara\kara\vendor\glfw\bin-temp\debug-windows-x86_64\glfw\egl_context.obj
d:\projects\kara\kara\vendor\glfw\bin-temp\debug-windows-x86_64\glfw\context.obj
d:\projects\kara\kara\vendor\glfw\bin-temp\debug-windows-x86_64\glfw\cocoa_time.obj
d:\projects\kara\kara\vendor\glfw\bin-temp\debug-windows-x86_64\glfw\xkb_unicode.obj
d:\projects\kara\kara\vendor\glfw\bin-temp\debug-windows-x86_64\glfw\x11_window.obj
d:\projects\kara\kara\vendor\glfw\bin-temp\debug-windows-x86_64\glfw\x11_monitor.obj
d:\projects\kara\kara\vendor\glfw\bin-temp\debug-windows-x86_64\glfw\x11_init.obj
d:\projects\kara\kara\vendor\glfw\bin-temp\debug-windows-x86_64\glfw\wl_window.obj
d:\projects\kara\kara\vendor\glfw\bin-temp\debug-windows-x86_64\glfw\wl_monitor.obj
d:\projects\kara\kara\vendor\glfw\bin-temp\debug-windows-x86_64\glfw\wl_init.obj
d:\projects\kara\kara\vendor\glfw\bin-temp\debug-windows-x86_64\glfw\window.obj
d:\projects\kara\kara\vendor\glfw\bin-temp\debug-windows-x86_64\glfw\win32_window.obj
d:\projects\kara\kara\vendor\glfw\bin-temp\debug-windows-x86_64\glfw\win32_time.obj
d:\projects\kara\kara\vendor\glfw\bin-temp\debug-windows-x86_64\glfw\win32_thread.obj
d:\projects\kara\kara\vendor\glfw\bin-temp\debug-windows-x86_64\glfw\win32_monitor.obj
d:\projects\kara\kara\vendor\glfw\bin-temp\debug-windows-x86_64\glfw\win32_module.obj
d:\projects\kara\kara\vendor\glfw\bin-temp\debug-windows-x86_64\glfw\win32_joystick.obj
d:\projects\kara\kara\vendor\glfw\bin-temp\debug-windows-x86_64\glfw\win32_init.obj
d:\projects\kara\kara\vendor\glfw\bin\debug-windows-x86_64\glfw\glfw.lib
d:\projects\kara\kara\vendor\glfw\bin-temp\debug-windows-x86_64\glfw\glfw.tlog\cl.command.1.tlog
d:\projects\kara\kara\vendor\glfw\bin-temp\debug-windows-x86_64\glfw\glfw.tlog\cl.read.1.tlog
d:\projects\kara\kara\vendor\glfw\bin-temp\debug-windows-x86_64\glfw\glfw.tlog\cl.write.1.tlog
d:\projects\kara\kara\vendor\glfw\bin-temp\debug-windows-x86_64\glfw\glfw.tlog\lib-link.write.1.tlog
d:\projects\kara\kara\vendor\glfw\bin-temp\debug-windows-x86_64\glfw\glfw.tlog\lib.command.1.tlog
d:\projects\kara\kara\vendor\glfw\bin-temp\debug-windows-x86_64\glfw\glfw.tlog\lib.read.1.tlog
